E:\COCOS2D-X-2.2.1\COCOS2D-X-2.2.1\SAMPLES\AIRPLANE\PROJ.WIN32\DEBUG.WIN32\APPDELEGATE.OBJ
E:\COCOS2D-X-2.2.1\COCOS2D-X-2.2.1\SAMPLES\AIRPLANE\PROJ.WIN32\DEBUG.WIN32\BULLETLAYER.OBJ
E:\cocos2d-x-2.2.1\cocos2d-x-2.2.1\samples\AirPlane\proj.win32\Debug.win32\cl.command.1.tlog
E:\cocos2d-x-2.2.1\cocos2d-x-2.2.1\samples\AirPlane\proj.win32\Debug.win32\CL.read.1.tlog
E:\cocos2d-x-2.2.1\cocos2d-x-2.2.1\samples\AirPlane\proj.win32\Debug.win32\CL.write.1.tlog
E:\COCOS2D-X-2.2.1\COCOS2D-X-2.2.1\SAMPLES\AIRPLANE\PROJ.WIN32\DEBUG.WIN32\CONTROLLAYER.OBJ
E:\COCOS2D-X-2.2.1\COCOS2D-X-2.2.1\SAMPLES\AIRPLANE\PROJ.WIN32\DEBUG.WIN32\ENEMY.OBJ
E:\COCOS2D-X-2.2.1\COCOS2D-X-2.2.1\SAMPLES\AIRPLANE\PROJ.WIN32\DEBUG.WIN32\ENEMYLAYER.OBJ
E:\COCOS2D-X-2.2.1\COCOS2D-X-2.2.1\SAMPLES\AIRPLANE\PROJ.WIN32\DEBUG.WIN32\GAMELAYER.OBJ
E:\COCOS2D-X-2.2.1\COCOS2D-X-2.2.1\SAMPLES\AIRPLANE\PROJ.WIN32\DEBUG.WIN32\GAMEOVERLAYER.OBJ
E:\COCOS2D-X-2.2.1\COCOS2D-X-2.2.1\SAMPLES\AIRPLANE\PROJ.WIN32\DEBUG.WIN32\GAMEOVERSCENE.OBJ
E:\COCOS2D-X-2.2.1\COCOS2D-X-2.2.1\SAMPLES\AIRPLANE\PROJ.WIN32\DEBUG.WIN32\GAMESCENE.OBJ
E:\cocos2d-x-2.2.1\cocos2d-x-2.2.1\samples\AirPlane\proj.win32\Debug.win32\JackyAirplane.exe.embed.manifest
E:\COCOS2D-X-2.2.1\COCOS2D-X-2.2.1\SAMPLES\AIRPLANE\PROJ.WIN32\DEBUG.WIN32\JACKYAIRPLANE.EXE.EMBED.MANIFEST.RES
E:\cocos2d-x-2.2.1\cocos2d-x-2.2.1\samples\AirPlane\proj.win32\Debug.win32\JackyAirplane.write.1.tlog
E:\cocos2d-x-2.2.1\cocos2d-x-2.2.1\samples\AirPlane\proj.win32\Debug.win32\JackyAirplane_manifest.rc
E:\cocos2d-x-2.2.1\cocos2d-x-2.2.1\samples\AirPlane\proj.win32\Debug.win32\link.command.1.tlog
E:\cocos2d-x-2.2.1\cocos2d-x-2.2.1\samples\AirPlane\proj.win32\Debug.win32\link.read.1.tlog
E:\cocos2d-x-2.2.1\cocos2d-x-2.2.1\samples\AirPlane\proj.win32\Debug.win32\link.write.1.tlog
E:\COCOS2D-X-2.2.1\COCOS2D-X-2.2.1\SAMPLES\AIRPLANE\PROJ.WIN32\DEBUG.WIN32\MAIN.OBJ
E:\COCOS2D-X-2.2.1\COCOS2D-X-2.2.1\SAMPLES\AIRPLANE\PROJ.WIN32\DEBUG.WIN32\MUTIBULLETSLAYER.OBJ
E:\COCOS2D-X-2.2.1\COCOS2D-X-2.2.1\SAMPLES\AIRPLANE\PROJ.WIN32\DEBUG.WIN32\NOTOUCHLAYER.OBJ
E:\COCOS2D-X-2.2.1\COCOS2D-X-2.2.1\SAMPLES\AIRPLANE\PROJ.WIN32\DEBUG.WIN32\PLANELAYER.OBJ
E:\cocos2d-x-2.2.1\cocos2d-x-2.2.1\samples\AirPlane\proj.win32\Debug.win32\rc.command.1.tlog
E:\cocos2d-x-2.2.1\cocos2d-x-2.2.1\samples\AirPlane\proj.win32\Debug.win32\rc.read.1.tlog
E:\cocos2d-x-2.2.1\cocos2d-x-2.2.1\samples\AirPlane\proj.win32\Debug.win32\rc.write.1.tlog
E:\COCOS2D-X-2.2.1\COCOS2D-X-2.2.1\SAMPLES\AIRPLANE\PROJ.WIN32\DEBUG.WIN32\UFOLAYER.OBJ
E:\cocos2d-x-2.2.1\cocos2d-x-2.2.1\samples\AirPlane\proj.win32\Debug.win32\vc100.idb
E:\COCOS2D-X-2.2.1\COCOS2D-X-2.2.1\SAMPLES\AIRPLANE\PROJ.WIN32\DEBUG.WIN32\VC100.PDB
E:\COCOS2D-X-2.2.1\COCOS2D-X-2.2.1\SAMPLES\AIRPLANE\PROJ.WIN32\DEBUG.WIN32\WELCOMELAYER.OBJ
E:\COCOS2D-X-2.2.1\COCOS2D-X-2.2.1\SAMPLES\AIRPLANE\PROJ.WIN32\DEBUG.WIN32\WELCOMESCENE.OBJ
