E:\cocos2d-x-2.2.1\cocos2d-x-2.2.1\samples\AirPlane\proj.win32\AppDelegate.obj
E:\cocos2d-x-2.2.1\cocos2d-x-2.2.1\samples\AirPlane\proj.win32\BulletLayer.obj
E:\cocos2d-x-2.2.1\cocos2d-x-2.2.1\samples\AirPlane\proj.win32\cl.command.1.tlog
E:\cocos2d-x-2.2.1\cocos2d-x-2.2.1\samples\AirPlane\proj.win32\CL.read.1.tlog
E:\cocos2d-x-2.2.1\cocos2d-x-2.2.1\samples\AirPlane\proj.win32\CL.write.1.tlog
E:\cocos2d-x-2.2.1\cocos2d-x-2.2.1\samples\AirPlane\proj.win32\ControlLayer.obj
E:\cocos2d-x-2.2.1\cocos2d-x-2.2.1\samples\AirPlane\proj.win32\Enemy.obj
E:\cocos2d-x-2.2.1\cocos2d-x-2.2.1\samples\AirPlane\proj.win32\EnemyLayer.obj
E:\cocos2d-x-2.2.1\cocos2d-x-2.2.1\samples\AirPlane\proj.win32\GameLayer.obj
E:\cocos2d-x-2.2.1\cocos2d-x-2.2.1\samples\AirPlane\proj.win32\GameOverLayer.obj
E:\cocos2d-x-2.2.1\cocos2d-x-2.2.1\samples\AirPlane\proj.win32\GameOverScene.obj
E:\cocos2d-x-2.2.1\cocos2d-x-2.2.1\samples\AirPlane\proj.win32\GameScene.obj
E:\cocos2d-x-2.2.1\cocos2d-x-2.2.1\samples\AirPlane\proj.win32\JackyAirplane.exe.embed.manifest
E:\cocos2d-x-2.2.1\cocos2d-x-2.2.1\samples\AirPlane\proj.win32\JackyAirplane.exe.embed.manifest.res
E:\cocos2d-x-2.2.1\cocos2d-x-2.2.1\samples\AirPlane\proj.win32\JackyAirplane.write.1.tlog
E:\cocos2d-x-2.2.1\cocos2d-x-2.2.1\samples\AirPlane\proj.win32\JackyAirplane_manifest.rc
E:\cocos2d-x-2.2.1\cocos2d-x-2.2.1\samples\AirPlane\proj.win32\main.obj
E:\cocos2d-x-2.2.1\cocos2d-x-2.2.1\samples\AirPlane\proj.win32\MutiBulletsLayer.obj
E:\cocos2d-x-2.2.1\cocos2d-x-2.2.1\samples\AirPlane\proj.win32\NoTouchLayer.obj
E:\cocos2d-x-2.2.1\cocos2d-x-2.2.1\samples\AirPlane\proj.win32\PlaneLayer.obj
E:\cocos2d-x-2.2.1\cocos2d-x-2.2.1\samples\AirPlane\proj.win32\rc.command.1.tlog
E:\cocos2d-x-2.2.1\cocos2d-x-2.2.1\samples\AirPlane\proj.win32\rc.read.1.tlog
E:\cocos2d-x-2.2.1\cocos2d-x-2.2.1\samples\AirPlane\proj.win32\rc.write.1.tlog
E:\cocos2d-x-2.2.1\cocos2d-x-2.2.1\samples\AirPlane\proj.win32\ResolveAssemblyReference.cache
E:\cocos2d-x-2.2.1\cocos2d-x-2.2.1\samples\AirPlane\proj.win32\UFOLayer.obj
E:\cocos2d-x-2.2.1\cocos2d-x-2.2.1\samples\AirPlane\proj.win32\vc100.idb
E:\cocos2d-x-2.2.1\cocos2d-x-2.2.1\samples\AirPlane\proj.win32\vc100.pdb
E:\cocos2d-x-2.2.1\cocos2d-x-2.2.1\samples\AirPlane\proj.win32\WelcomeLayer.obj
E:\cocos2d-x-2.2.1\cocos2d-x-2.2.1\samples\AirPlane\proj.win32\WelcomeScene.obj
E:\COCOS2D-X-2.2.1\COCOS2D-X-2.2.1\SAMPLES\CPP\AIRPLANE\PROJ.WIN32\APPDELEGATE.OBJ
E:\COCOS2D-X-2.2.1\COCOS2D-X-2.2.1\SAMPLES\CPP\AIRPLANE\PROJ.WIN32\BULLETLAYER.OBJ
E:\COCOS2D-X-2.2.1\COCOS2D-X-2.2.1\SAMPLES\CPP\AIRPLANE\PROJ.WIN32\CONTROLLAYER.OBJ
E:\COCOS2D-X-2.2.1\COCOS2D-X-2.2.1\SAMPLES\CPP\AIRPLANE\PROJ.WIN32\ENEMY.OBJ
E:\COCOS2D-X-2.2.1\COCOS2D-X-2.2.1\SAMPLES\CPP\AIRPLANE\PROJ.WIN32\ENEMYLAYER.OBJ
E:\COCOS2D-X-2.2.1\COCOS2D-X-2.2.1\SAMPLES\CPP\AIRPLANE\PROJ.WIN32\GAMELAYER.OBJ
E:\COCOS2D-X-2.2.1\COCOS2D-X-2.2.1\SAMPLES\CPP\AIRPLANE\PROJ.WIN32\GAMEOVERLAYER.OBJ
E:\COCOS2D-X-2.2.1\COCOS2D-X-2.2.1\SAMPLES\CPP\AIRPLANE\PROJ.WIN32\GAMEOVERSCENE.OBJ
E:\COCOS2D-X-2.2.1\COCOS2D-X-2.2.1\SAMPLES\CPP\AIRPLANE\PROJ.WIN32\GAMESCENE.OBJ
E:\COCOS2D-X-2.2.1\COCOS2D-X-2.2.1\SAMPLES\CPP\AIRPLANE\PROJ.WIN32\JACKYAIRPLANE.EXE.EMBED.MANIFEST.RES
E:\COCOS2D-X-2.2.1\COCOS2D-X-2.2.1\SAMPLES\CPP\AIRPLANE\PROJ.WIN32\MAIN.OBJ
E:\COCOS2D-X-2.2.1\COCOS2D-X-2.2.1\SAMPLES\CPP\AIRPLANE\PROJ.WIN32\MUTIBULLETSLAYER.OBJ
E:\COCOS2D-X-2.2.1\COCOS2D-X-2.2.1\SAMPLES\CPP\AIRPLANE\PROJ.WIN32\NOTOUCHLAYER.OBJ
E:\COCOS2D-X-2.2.1\COCOS2D-X-2.2.1\SAMPLES\CPP\AIRPLANE\PROJ.WIN32\PLANELAYER.OBJ
E:\COCOS2D-X-2.2.1\COCOS2D-X-2.2.1\SAMPLES\CPP\AIRPLANE\PROJ.WIN32\UFOLAYER.OBJ
E:\COCOS2D-X-2.2.1\COCOS2D-X-2.2.1\SAMPLES\CPP\AIRPLANE\PROJ.WIN32\VC100.PDB
E:\COCOS2D-X-2.2.1\COCOS2D-X-2.2.1\SAMPLES\CPP\AIRPLANE\PROJ.WIN32\WELCOMELAYER.OBJ
E:\COCOS2D-X-2.2.1\COCOS2D-X-2.2.1\SAMPLES\CPP\AIRPLANE\PROJ.WIN32\WELCOMESCENE.OBJ
